Log file open, 11/08/16 22:16:04
LogInit:Display: Running engine for game: MyProjectTut
LogPlatformFile: Not using cached read wrapper
LogInit:Display: RandInit(-559634254) SRandInit(-559634254).
LogTaskGraph: Started task graph with 5 named threads and 6 total threads with 1 sets of task threads.
LogStats: Stats thread started at 0.152844
LogPluginManager: Loaded Plugin Paper2D, From W:/Epic Games/4.13/Engine/Plugins/2D/Paper2D/Paper2D.uplugin
LogPluginManager: Loaded Plugin LightPropagationVolume, From W:/Epic Games/4.13/Engine/Plugins/Blendables/LightPropagationVolume/LightPropagationVolume.uplugin
LogPluginManager: Loaded Plugin BlankPlugin, From W:/Epic Games/4.13/Engine/Plugins/Developer/BlankPlugin/BlankPlugin.uplugin
LogPluginManager: Loaded Plugin CodeLiteSourceCodeAccess, From W:/Epic Games/4.13/Engine/Plugins/Developer/CodeLiteSourceCodeAccess/CodeLiteSourceCodeAccess.uplugin
LogPluginManager: Loaded Plugin GitSourceControl, From W:/Epic Games/4.13/Engine/Plugins/Developer/GitSourceControl/GitSourceControl.uplugin
LogPluginManager: Loaded Plugin KDevelopSourceCodeAccess, From W:/Epic Games/4.13/Engine/Plugins/Developer/KDevelopSourceCodeAccess/KDevelopSourceCodeAccess.uplugin
LogPluginManager: Loaded Plugin NullSourceCodeAccess, From W:/Epic Games/4.13/Engine/Plugins/Developer/NullSourceCodeAccess/NullSourceCodeAccess.uplugin
LogPluginManager: Loaded Plugin OneSkyLocalizationService, From W:/Epic Games/4.13/Engine/Plugins/Developer/OneSkyLocalizationService/OneSkyLocalizationService.uplugin
LogPluginManager: Loaded Plugin PerforceSourceControl, From W:/Epic Games/4.13/Engine/Plugins/Developer/PerforceSourceControl/PerforceSourceControl.uplugin
LogPluginManager: Loaded Plugin SubversionSourceControl, From W:/Epic Games/4.13/Engine/Plugins/Developer/SubversionSourceControl/SubversionSourceControl.uplugin
LogPluginManager: Loaded Plugin UObjectPlugin, From W:/Epic Games/4.13/Engine/Plugins/Developer/UObjectPlugin/UObjectPlugin.uplugin
LogPluginManager: Loaded Plugin VisualStudioSourceCodeAccess, From W:/Epic Games/4.13/Engine/Plugins/Developer/VisualStudioSourceCodeAccess/VisualStudioSourceCodeAccess.uplugin
LogPluginManager: Loaded Plugin XCodeSourceCodeAccess, From W:/Epic Games/4.13/Engine/Plugins/Developer/XCodeSourceCodeAccess/XCodeSourceCodeAccess.uplugin
LogPluginManager: Loaded Plugin EpicSurvey, From W:/Epic Games/4.13/Engine/Plugins/Editor/EpicSurvey/EpicSurvey.uplugin
LogPluginManager: Loaded Plugin MacGraphicsSwitching, From W:/Epic Games/4.13/Engine/Plugins/Editor/MacGraphicsSwitching/MacGraphicsSwitching.uplugin
LogPluginManager: Loaded Plugin MobileLauncherProfileWizard, From W:/Epic Games/4.13/Engine/Plugins/Editor/MobileLauncherProfileWizard/MobileLauncherProfileWizard.uplugin
LogPluginManager: Loaded Plugin PluginBrowser, From W:/Epic Games/4.13/Engine/Plugins/Editor/PluginBrowser/PluginBrowser.uplugin
LogPluginManager: Loaded Plugin SpeedTreeImporter, From W:/Epic Games/4.13/Engine/Plugins/Editor/SpeedTreeImporter/SpeedTreeImporter.uplugin
LogPluginManager: Loaded Plugin SuperSearchEditor, From W:/Epic Games/4.13/Engine/Plugins/Editor/SuperSearchEditor/SuperSearchEditor.uplugin
LogPluginManager: Loaded Plugin AlembicImporter, From W:/Epic Games/4.13/Engine/Plugins/Experimental/AlembicImporter/AlembicImporter.uplugin
LogPluginManager: Loaded Plugin BlueprintStats, From W:/Epic Games/4.13/Engine/Plugins/Experimental/BlueprintStats/BlueprintStats.uplugin
LogPluginManager: Loaded Plugin CharacterAI, From W:/Epic Games/4.13/Engine/Plugins/Experimental/CharacterAI/CharacterAI.uplugin
LogPluginManager: Loaded Plugin CodeEditor, From W:/Epic Games/4.13/Engine/Plugins/Experimental/CodeEditor/CodeEditor.uplugin
LogPluginManager: Loaded Plugin CodeView, From W:/Epic Games/4.13/Engine/Plugins/Experimental/CodeView/CodeView.uplugin
LogPluginManager: Loaded Plugin HTML5Networking, From W:/Epic Games/4.13/Engine/Plugins/Experimental/HTML5Networking/HTML5Networking.uplugin
LogPluginManager: Loaded Plugin LiveEditor, From W:/Epic Games/4.13/Engine/Plugins/Experimental/LiveEditor/LiveEditor.uplugin
LogPluginManager: Loaded Plugin OSVR, From W:/Epic Games/4.13/Engine/Plugins/Experimental/OSVR/OSVR.uplugin
LogPluginManager: Loaded Plugin Phya, From W:/Epic Games/4.13/Engine/Plugins/Experimental/Phya/Phya.uplugin
LogPluginManager: Loaded Plugin SignificanceManager, From W:/Epic Games/4.13/Engine/Plugins/Experimental/SignificanceManager/SignificanceManager.uplugin
LogPluginManager: Loaded Plugin SimpleHMD, From W:/Epic Games/4.13/Engine/Plugins/Experimental/SimpleHMD/SimpleHMD.uplugin
LogPluginManager: Loaded Plugin StereoPanorama, From W:/Epic Games/4.13/Engine/Plugins/Experimental/StereoPanorama/StereoPanorama.uplugin
LogPluginManager: Loaded Plugin StructBox, From W:/Epic Games/4.13/Engine/Plugins/Experimental/StructBox/StructBox.uplugin
LogPluginManager: Loaded Plugin AndroidMedia, From W:/Epic Games/4.13/Engine/Plugins/Media/AndroidMedia/AndroidMedia.uplugin
LogPluginManager: Loaded Plugin AvfMedia, From W:/Epic Games/4.13/Engine/Plugins/Media/AvfMedia/AvfMedia.uplugin
LogPluginManager: Loaded Plugin MediaPlayerEditor, From W:/Epic Games/4.13/Engine/Plugins/Media/MediaPlayerEditor/MediaPlayerEditor.uplugin
LogPluginManager: Loaded Plugin WmfMedia, From W:/Epic Games/4.13/Engine/Plugins/Media/WmfMedia/WmfMedia.uplugin
LogPluginManager: Loaded Plugin MessagingDebugger, From W:/Epic Games/4.13/Engine/Plugins/Messaging/MessagingDebugger/MessagingDebugger.uplugin
LogPluginManager: Loaded Plugin TcpMessaging, From W:/Epic Games/4.13/Engine/Plugins/Messaging/TcpMessaging/TcpMessaging.uplugin
LogPluginManager: Loaded Plugin UdpMessaging, From W:/Epic Games/4.13/Engine/Plugins/Messaging/UdpMessaging/UdpMessaging.uplugin
LogPluginManager: Loaded Plugin LevelSequenceEditor, From W:/Epic Games/4.13/Engine/Plugins/MovieScene/LevelSequenceEditor/LevelSequenceEditor.uplugin
LogPluginManager: Loaded Plugin MatineeToLevelSequence, From W:/Epic Games/4.13/Engine/Plugins/MovieScene/MatineeToLevelSequence/MatineeToLevelSequence.uplugin
LogPluginManager: Loaded Plugin NetcodeUnitTest, From W:/Epic Games/4.13/Engine/Plugins/NetcodeUnitTest/NetcodeUnitTest/NetcodeUnitTest.uplugin
LogPluginManager: Loaded Plugin NUTUnrealEngine4, From W:/Epic Games/4.13/Engine/Plugins/NetcodeUnitTest/NUTUnrealEngine4/NUTUnrealEngine4.uplugin
LogPluginManager: Loaded Plugin OnlineSubsystemGooglePlay, From W:/Epic Games/4.13/Engine/Plugins/Online/Android/OnlineSubsystemGooglePlay/OnlineSubsystemGooglePlay.uplugin
LogPluginManager: Loaded Plugin OnlineSubsystemIOS, From W:/Epic Games/4.13/Engine/Plugins/Online/IOS/OnlineSubsystemIOS/OnlineSubsystemIOS.uplugin
LogPluginManager: Loaded Plugin OnlineFramework, From W:/Epic Games/4.13/Engine/Plugins/Online/OnlineFramework/OnlineFramework.uplugin
LogPluginManager: Loaded Plugin OnlineSubsystem, From W:/Epic Games/4.13/Engine/Plugins/Online/OnlineSubsystem/OnlineSubsystem.uplugin
LogPluginManager: Loaded Plugin OnlineSubsystemAmazon, From W:/Epic Games/4.13/Engine/Plugins/Online/OnlineSubsystemAmazon/OnlineSubsystemAmazon.uplugin
LogPluginManager: Loaded Plugin OnlineSubsystemFacebook, From W:/Epic Games/4.13/Engine/Plugins/Online/OnlineSubsystemFacebook/OnlineSubsystemFacebook.uplugin
LogPluginManager: Loaded Plugin OnlineSubsystemNull, From W:/Epic Games/4.13/Engine/Plugins/Online/OnlineSubsystemNull/OnlineSubsystemNull.uplugin
LogPluginManager: Loaded Plugin OnlineSubsystemOculus, From W:/Epic Games/4.13/Engine/Plugins/Online/OnlineSubsystemOculus/OnlineSubsystemOculus.uplugin
LogPluginManager: Loaded Plugin OnlineSubsystemSteam, From W:/Epic Games/4.13/Engine/Plugins/Online/OnlineSubsystemSteam/OnlineSubsystemSteam.uplugin
LogPluginManager: Loaded Plugin OnlineSubsystemUtils, From W:/Epic Games/4.13/Engine/Plugins/Online/OnlineSubsystemUtils/OnlineSubsystemUtils.uplugin
LogPluginManager: Loaded Plugin IOSTapJoy, From W:/Epic Games/4.13/Engine/Plugins/Runtime/Advertising/IOSTapJoy/IOSTapJoy.uplugin
LogPluginManager: Loaded Plugin AnalyticsBlueprintLibrary, From W:/Epic Games/4.13/Engine/Plugins/Runtime/Analytics/AnalyticsBlueprintLibrary/AnalyticsBlueprintLibrary.uplugin
LogPluginManager: Loaded Plugin AnalyticsMulticast, From W:/Epic Games/4.13/Engine/Plugins/Runtime/Analytics/AnalyticsMulticast/AnalyticsMulticast.uplugin
LogPluginManager: Loaded Plugin Apsalar, From W:/Epic Games/4.13/Engine/Plugins/Runtime/Analytics/Apsalar/Apsalar.uplugin
LogPluginManager: Loaded Plugin FileLogging, From W:/Epic Games/4.13/Engine/Plugins/Runtime/Analytics/FileLogging/FileLogging.uplugin
LogPluginManager: Loaded Plugin Flurry, From W:/Epic Games/4.13/Engine/Plugins/Runtime/Analytics/Flurry/Flurry.uplugin
LogPluginManager: Loaded Plugin AndroidDeviceProfileSelector, From W:/Epic Games/4.13/Engine/Plugins/Runtime/AndroidDeviceProfileSelector/AndroidDeviceProfileSelector.uplugin
LogPluginManager: Loaded Plugin AndroidMoviePlayer, From W:/Epic Games/4.13/Engine/Plugins/Runtime/AndroidMoviePlayer/AndroidMoviePlayer.uplugin
LogPluginManager: Loaded Plugin AppleMoviePlayer, From W:/Epic Games/4.13/Engine/Plugins/Runtime/AppleMoviePlayer/AppleMoviePlayer.uplugin
LogPluginManager: Loaded Plugin ArchVisCharacter, From W:/Epic Games/4.13/Engine/Plugins/Runtime/ArchVisCharacter/ArchVisCharacter.uplugin
LogPluginManager: Loaded Plugin CableComponent, From W:/Epic Games/4.13/Engine/Plugins/Runtime/CableComponent/CableComponent.uplugin
LogPluginManager: Loaded Plugin CustomMeshComponent, From W:/Epic Games/4.13/Engine/Plugins/Runtime/CustomMeshComponent/CustomMeshComponent.uplugin
LogPluginManager: Loaded Plugin ExampleDeviceProfileSelector, From W:/Epic Games/4.13/Engine/Plugins/Runtime/ExampleDeviceProfileSelector/ExampleDeviceProfileSelector.uplugin
LogPluginManager: Loaded Plugin GearVR, From W:/Epic Games/4.13/Engine/Plugins/Runtime/GearVR/GearVR.uplugin
LogPluginManager: Loaded Plugin GoogleVRController, From W:/Epic Games/4.13/Engine/Plugins/Runtime/GoogleVR/GoogleVRController/GoogleVRController.uplugin
LogPluginManager: Loaded Plugin GoogleVRHMD, From W:/Epic Games/4.13/Engine/Plugins/Runtime/GoogleVR/GoogleVRHMD/GoogleVRHMD.uplugin
LogPluginManager: Loaded Plugin IOSDeviceProfileSelector, From W:/Epic Games/4.13/Engine/Plugins/Runtime/IOSDeviceProfileSelector/IOSDeviceProfileSelector.uplugin
LogPluginManager: Loaded Plugin LeapMotion, From W:/Epic Games/4.13/Engine/Plugins/Runtime/LeapMotion/LeapMotion.uplugin
LogPluginManager: Loaded Plugin LinuxDeviceProfileSelector, From W:/Epic Games/4.13/Engine/Plugins/Runtime/LinuxDeviceProfileSelector/LinuxDeviceProfileSelector.uplugin
LogPluginManager: Loaded Plugin LiveEditorListenServer, From W:/Epic Games/4.13/Engine/Plugins/Runtime/LiveEditorListenServer/LiveEditorListenServer.uplugin
LogPluginManager: Loaded Plugin OculusAudio, From W:/Epic Games/4.13/Engine/Plugins/Runtime/OculusAudio/OculusAudio.uplugin
LogPluginManager: Loaded Plugin OculusInput, From W:/Epic Games/4.13/Engine/Plugins/Runtime/OculusInput/OculusInput.uplugin
LogPluginManager: Loaded Plugin OculusLibrary, From W:/Epic Games/4.13/Engine/Plugins/Runtime/OculusLibrary/OculusLibrary.uplugin
LogPluginManager: Loaded Plugin OculusRift, From W:/Epic Games/4.13/Engine/Plugins/Runtime/OculusRift/OculusRift.uplugin
LogPluginManager: Loaded Plugin Oodle, From W:/Epic Games/4.13/Engine/Plugins/Runtime/PacketHandlers/CompressionComponents/Oodle/Oodle.uplugin
LogPluginManager: Loaded Plugin ProceduralMeshComponent, From W:/Epic Games/4.13/Engine/Plugins/Runtime/ProceduralMeshComponent/ProceduralMeshComponent.uplugin
LogPluginManager: Loaded Plugin SoundMod, From W:/Epic Games/4.13/Engine/Plugins/Runtime/SoundMod/SoundMod.uplugin
LogPluginManager: Loaded Plugin SoundVisualizations, From W:/Epic Games/4.13/Engine/Plugins/Runtime/SoundVisualizations/SoundVisualizations.uplugin
LogPluginManager: Loaded Plugin SteamController, From W:/Epic Games/4.13/Engine/Plugins/Runtime/Steam/SteamController/SteamController.uplugin
LogPluginManager: Loaded Plugin SteamVR, From W:/Epic Games/4.13/Engine/Plugins/Runtime/Steam/SteamVR/SteamVR.uplugin
LogPluginManager: Loaded Plugin WebBrowserWidget, From W:/Epic Games/4.13/Engine/Plugins/Runtime/WebBrowserWidget/WebBrowserWidget.uplugin
LogPluginManager: Loaded Plugin WindowsDeviceProfileSelector, From W:/Epic Games/4.13/Engine/Plugins/Runtime/WindowsDeviceProfileSelector/WindowsDeviceProfileSelector.uplugin
LogPluginManager: Loaded Plugin WindowsMoviePlayer, From W:/Epic Games/4.13/Engine/Plugins/Runtime/WindowsMoviePlayer/WindowsMoviePlayer.uplugin
LogPluginManager: Loaded Plugin ScriptPlugin, From W:/Epic Games/4.13/Engine/Plugins/ScriptPlugin/ScriptPlugin.uplugin
LogPluginManager: Loaded Plugin SlateRemote, From W:/Epic Games/4.13/Engine/Plugins/Slate/SlateRemote/SlateRemote.uplugin
LogInit: Using libcurl 7.47.1
LogInit:  - built for x86_64-pc-win32
LogInit:  - supports SSL with WinSSL
LogInit:  - other features:
LogInit:      CURL_VERSION_SSL
LogInit:      CURL_VERSION_IPV6
LogInit:      CURL_VERSION_ASYNCHDNS
LogInit:      CURL_VERSION_LARGEFILE
LogInit:      CURL_VERSION_IDN
LogInit:  CurlRequestOptions (configurable via config and command line):
LogInit:  - bVerifyPeer = false  - Libcurl will NOT verify peer certificate
LogInit:  - bUseHttpProxy = false  - Libcurl will NOT use HTTP proxy
LogInit:  - bDontReuseConnections = false  - Libcurl will reuse connections
LogInit:  - CertBundlePath = nullptr  - Libcurl will use whatever was configured at build time.
LogInit: Build: ++UE4+Release-4.13-CL-3172292
LogInit: Engine Version: 4.13.2-3172292+++UE4+Release-4.13
LogInit: Compatible Engine Version: 4.13.0-3106830+++UE4+Release-4.13
LogInit: Net CL: 3172292
LogDevObjectVersion: Number of dev versions registered: 13
LogDevObjectVersion:   Dev-Blueprints (B0D832E4-1F89-4F0D-ACCF-7EB736FD4AA2): 5
LogDevObjectVersion:   Dev-Build (E1C64328-A22C-4D53-A36C-8E866417BD8C): 0
LogDevObjectVersion:   Dev-Core (375EC13C-06E4-48FB-B500-84F0262A717E): 1
LogDevObjectVersion:   Dev-Editor (E4B068ED-F494-42E9-A231-DA0B2E46BB41): 6
LogDevObjectVersion:   Dev-Framework (CFFC743F-43B0-4480-9391-14DF171D2073): 12
LogDevObjectVersion:   Dev-Mobile (B02B49B5-BB20-44E9-A304-32B752E40360): 0
LogDevObjectVersion:   Dev-Networking (A4E4105C-59A1-49B5-A7C5-40C4547EDFEE): 0
LogDevObjectVersion:   Dev-Online (39C831C9-5AE6-47DC-9A44-9C173E1C8E7C): 0
LogDevObjectVersion:   Dev-Physics (78F01B33-EBEA-4F98-B9B4-84EACCB95AA2): 0
LogDevObjectVersion:   Dev-Platform (6631380F-2D4D-43E0-8009-CF276956A95A): 0
LogDevObjectVersion:   Dev-Rendering (12F88B9F-8875-4AFC-A67C-D90C383ABD29): 4
LogDevObjectVersion:   Dev-Sequencer (7B5AE74C-D270-4C10-A958-57980B212A5A): 0
LogDevObjectVersion:   Dev-VR (D7296918-1DD6-4BDD-9DE2-64A83CC13884): 0
LogInit: Compiled (64-bit): Oct 24 2016 14:29:06
LogInit: Compiled with Visual C++: 19.00.23026.00
LogInit: Build Configuration: Development
LogInit: Branch Name: ++UE4+Release-4.13
LogInit: Command line: -EpicPortal 
LogInit: Base directory: W:/Epic Games/4.13/Engine/Binaries/Win64/
LogInit: Installed Engine Build: 1
LogInit: Presizing for max 8388607 objects, including 0 objects not considered by GC, pre-allocating 0 bytes for permanent pool.
LogInit: Object subsystem initialized
[2016.11.09-03.16.04:502][  0]LogInit: Selected Device Profile: [Windows]
[2016.11.09-03.16.04:502][  0]LogInit: Applying CVar settings loaded from the selected device profile: [Windows]
[2016.11.09-03.16.04:562][  0]LogInit: Computer: CLARKN3T440S
[2016.11.09-03.16.04:562][  0]LogInit: User: Clarkn3
[2016.11.09-03.16.04:562][  0]LogInit: CPU Page size=65536, Cores=2
[2016.11.09-03.16.04:563][  0]LogInit: High frequency timer resolution =2.630629 MHz
[2016.11.09-03.16.04:564][  0]LogMemory: Memory total: Physical=7.7GB (8GB approx)
[2016.11.09-03.16.04:564][  0]LogMemory: Platform Memory Stats for Windows
[2016.11.09-03.16.04:564][  0]LogMemory: Process Physical Memory: 253.92 MB used, 253.92 MB peak
[2016.11.09-03.16.04:564][  0]LogMemory: Process Virtual Memory: 259.47 MB used, 259.47 MB peak
[2016.11.09-03.16.04:564][  0]LogMemory: Physical Memory: 6242.63 MB used, 7879.72 MB total
[2016.11.09-03.16.04:564][  0]LogMemory: Virtual Memory: 603.24 MB used, 134217728.00 MB total
[2016.11.09-03.16.04:628][  0]LogTextLocalizationManager: No specific translations for ('en-US') exist, so ('en') translations will be used.
[2016.11.09-03.16.06:413][  0]LogD3D11RHI: D3D11 adapters:
[2016.11.09-03.16.06:429][  0]LogD3D11RHI:    0. 'Intel(R) HD Graphics Family' (Feature Level 11_0)
[2016.11.09-03.16.06:429][  0]LogD3D11RHI:       0/0/1792 MB DedicatedVideo/DedicatedSystem/SharedSystem, Outputs:1, VendorId:0x8086
[2016.11.09-03.16.06:432][  0]LogD3D11RHI:    1. 'Microsoft Basic Render Driver' (Feature Level 11_0)
[2016.11.09-03.16.06:432][  0]LogD3D11RHI:       0/0/256 MB DedicatedVideo/DedicatedSystem/SharedSystem, Outputs:0, VendorId:0x1414
[2016.11.09-03.16.06:432][  0]LogD3D11RHI: Chosen D3D11 Adapter: 0
[2016.11.09-03.16.06:444][  0]LogD3D11RHI: Creating new Direct3DDevice
[2016.11.09-03.16.06:444][  0]LogD3D11RHI:     GPU DeviceId: 0xa16 (for the marketing name, search the web for "GPU Device Id")
[2016.11.09-03.16.06:444][  0]LogWindows: EnumDisplayDevices:
[2016.11.09-03.16.06:445][  0]LogWindows:    0. 'Intel(R) HD Graphics Family' (P:1 D:1)
[2016.11.09-03.16.06:445][  0]LogWindows:    1. 'Intel(R) HD Graphics Family' (P:0 D:0)
[2016.11.09-03.16.06:445][  0]LogWindows:    2. 'Intel(R) HD Graphics Family' (P:0 D:0)
[2016.11.09-03.16.06:445][  0]LogWindows: DebugString: FoundDriverCount:3 
[2016.11.09-03.16.06:445][  0]LogD3D11RHI:     Adapter Name: Intel(R) HD Graphics Family
[2016.11.09-03.16.06:445][  0]LogD3D11RHI:   Driver Version: 10.18.10.3960 (internal:10.18.10.3960, unified:10.18.10.3960)
[2016.11.09-03.16.06:445][  0]LogD3D11RHI:      Driver Date: 9-29-2014
[2016.11.09-03.16.06:445][  0]LogRHI: Texture pool is 627 MB (70% of 896 MB)
[2016.11.09-03.16.06:458][  0]LogD3D11RHI: Async texture creation enabled
[2016.11.09-03.16.06:471][  0]LogD3D11RHI: GPU Timing Frequency: 12.500000 (Debug: 2 0)
[2016.11.09-03.16.06:472][  0]LogShaderCompilers: Guid format shader working directory is -32 characters bigger than the processId version (C:/Users/Clarkn3/Desktop/projects/gameDev/dinosaurGame/UE Game/MyProjectTut 4.13/Intermediate/Shaders/WorkingDirectory/2932/).
[2016.11.09-03.16.06:473][  0]LogShaderCompilers: Cleaned the shader compiler working directory 'C:/Users/Clarkn3/AppData/Local/Temp/UnrealShaderWorkingDir/EE2FBC7143130E27AEF1FE9002933B11/'.
[2016.11.09-03.16.06:473][  0]LogShaderCompilers:Display: Using Local Shader Compiler.
[2016.11.09-03.16.09:058][  0]LogTemp:Display: Loaded TP AllDesktopTargetPlatform
[2016.11.09-03.16.09:079][  0]LogTemp:Display: Loaded TP WindowsClientTargetPlatform
[2016.11.09-03.16.09:102][  0]LogTemp:Display: Loaded TP WindowsNoEditorTargetPlatform
[2016.11.09-03.16.09:122][  0]LogTemp:Display: Loaded TP WindowsServerTargetPlatform
[2016.11.09-03.16.09:146][  0]LogTemp:Display: Loaded TP WindowsTargetPlatform
[2016.11.09-03.16.09:179][  0]LogTemp:Display: Loaded TP AndroidTargetPlatform
[2016.11.09-03.16.09:210][  0]LogTemp:Display: Loaded TP Android_ASTCTargetPlatform
[2016.11.09-03.16.09:241][  0]LogTemp:Display: Loaded TP Android_ATCTargetPlatform
[2016.11.09-03.16.09:270][  0]LogTemp:Display: Loaded TP Android_DXTTargetPlatform
[2016.11.09-03.16.09:308][  0]LogTemp:Display: Loaded TP Android_ETC1TargetPlatform
[2016.11.09-03.16.09:343][  0]LogTemp:Display: Loaded TP Android_ETC2TargetPlatform
[2016.11.09-03.16.09:405][  0]LogTemp:Display: Loaded TP Android_MultiTargetPlatform
[2016.11.09-03.16.09:405][  0]LogTemp:Display: Loaded TP Android_PVRTCTargetPlatform
[2016.11.09-03.16.09:409][  0]LogTemp:Display: Loaded TP HTML5TargetPlatform
[2016.11.09-03.16.09:460][  0]LogTemp:Display: Loaded TP IOSTargetPlatform
[2016.11.09-03.16.09:496][  0]LogTemp:Display: Loaded TP TVOSTargetPlatform
[2016.11.09-03.16.09:524][  0]LogTemp:Display: Loaded TP LinuxClientTargetPlatform
[2016.11.09-03.16.09:558][  0]LogTemp:Display: Loaded TP LinuxNoEditorTargetPlatform
[2016.11.09-03.16.09:587][  0]LogTemp:Display: Loaded TP LinuxServerTargetPlatform
[2016.11.09-03.16.09:616][  0]LogTemp:Display: Loaded TP LinuxTargetPlatform
[2016.11.09-03.16.09:616][  0]LogTargetPlatformManager:Display: Building Assets For Windows
[2016.11.09-03.16.09:831][  0]LogDerivedDataCache:Display: Max Cache Size: 512 MB
[2016.11.09-03.16.10:071][  0]LogDerivedDataCache: Loaded boot cache 0.24s 62MB C:/Users/Clarkn3/AppData/Local/UnrealEngine/4.13/DerivedDataCache/Boot.ddc.
[2016.11.09-03.16.10:071][  0]LogDerivedDataCache:Display: Loaded Boot cache: C:/Users/Clarkn3/AppData/Local/UnrealEngine/4.13/DerivedDataCache/Boot.ddc
[2016.11.09-03.16.10:072][  0]LogDerivedDataCache: FDerivedDataBackendGraph:  Pak pak cache file C:/Users/Clarkn3/Desktop/projects/gameDev/dinosaurGame/UE Game/MyProjectTut 4.13/DerivedDataCache/DDC.ddp not found, will not use a pak cache.
[2016.11.09-03.16.10:072][  0]LogDerivedDataCache: Unable to find inner node Pak for hierarchical cache Hierarchy.
[2016.11.09-03.16.10:072][  0]LogDerivedDataCache: FDerivedDataBackendGraph:  CompressedPak pak cache file C:/Users/Clarkn3/Desktop/projects/gameDev/dinosaurGame/UE Game/MyProjectTut 4.13/DerivedDataCache/Compressed.ddp not found, will not use a pak cache.
[2016.11.09-03.16.10:072][  0]LogDerivedDataCache: Unable to find inner node CompressedPak for hierarchical cache Hierarchy.
[2016.11.09-03.16.10:151][  0]LogDerivedDataCache:Display: Pak cache opened for reading ../../../Engine/DerivedDataCache/Compressed.ddp.
[2016.11.09-03.16.10:166][  0]LogDerivedDataCache: Using Local data cache path C:/Users/Clarkn3/AppData/Local/UnrealEngine/Common/DerivedDataCache: Writable
[2016.11.09-03.16.10:928][  0]LogInit: Selected Device Profile: [Windows]
[2016.11.09-03.16.10:939][  0]LogContentStreaming: Texture pool size is 0.00 MB
[2016.11.09-03.16.11:355][  0]LogMeshUtilities: No automatic mesh reduction module available
[2016.11.09-03.16.11:356][  0]LogMeshUtilities: No automatic mesh merging module available
[2016.11.09-03.16.11:356][  0]LogMeshUtilities: No distributed automatic mesh merging module available
[2016.11.09-03.16.11:628][  0]LogMaterial: Uniform references updated for custom material expression Custom.
[2016.11.09-03.16.12:870][  0]LogNetVersion: GetLocalNetworkVersion: CL: 3106830, ProjectName: myprojecttut, ProjectVersion: , EngineNetworkVersion: 1, GameNetworkVersion: 0, NetworkChecksum: 2724793660
[2016.11.09-03.16.12:946][  0]LogAssetRegistry: FAssetRegistry took 0.0241 seconds to start up
[2016.11.09-03.16.13:066][  0]LogPackageLocalizationCache: Processed 3 localized package path(s) for 2 prioritized culture(s) in 0.109710 seconds
[2016.11.09-03.16.13:091][  0]LogUObjectArray: 29778 objects as part of root set at end of initial load.
[2016.11.09-03.16.13:091][  0]LogUObjectAllocator: 6125448 out of 0 bytes used by permanent object pool.
[2016.11.09-03.16.13:091][  0]LogUObjectArray: CloseDisregardForGC: 0/0 objects in disregard for GC pool
[2016.11.09-03.16.13:114][  0]LogInit: WinSock: version 1.1 (2.2), MaxSocks=32767, MaxUdp=65467
[2016.11.09-03.16.13:914][  0]LogSlate: SlateFontCache - WITH_FREETYPE: 1, WITH_HARFBUZZ: 1
[2016.11.09-03.16.13:914][  0]LogSlate: SlateFontCache - WITH_FREETYPE: 1, WITH_HARFBUZZ: 1
[2016.11.09-03.16.16:619][  0]LogTcpMessaging: Initializing TcpMessaging bridge
[2016.11.09-03.16.16:650][  0]LogUdpMessaging: Initializing bridge on interface 0.0.0.0:0 to multicast group 230.0.0.1:6666.
[2016.11.09-03.16.17:450][  0]SourceControl: Info Source control is disabled
[2016.11.09-03.16.17:569][  0]SourceControl: Info Source control is disabled
[2016.11.09-03.16.17:592][  0]SourceControl: Info Source control is disabled
[2016.11.09-03.16.17:610][  0]SourceControl: Info Source control is disabled
[2016.11.09-03.16.18:431][  0]LogEngine: Initializing Engine...
[2016.11.09-03.16.18:481][  0]LogHMD: Failed to initialize OpenVR with code 108
[2016.11.09-03.16.19:122][  0]LogAIModule: Creating AISystem for world Untitled
[2016.11.09-03.16.19:146][  0]LogInit: XAudio2 using 'Realtek HD Audio 2nd output (Realtek High Definition Audio)' : 2 channels at 48 kHz using 32 bits per sample (channel mask 0x3)
[2016.11.09-03.16.19:178][  0]LogInit: FAudioDevice initialized.
[2016.11.09-03.16.19:278][  0]LogDerivedDataCache: Saved boot cache 0.10s 62MB C:/Users/Clarkn3/AppData/Local/UnrealEngine/4.13/DerivedDataCache/Boot.ddc.
[2016.11.09-03.16.19:312][  0]LogInit: Texture streaming: Enabled
[2016.11.09-03.16.19:408][  0]LogInit: Transaction tracking system initialized
[2016.11.09-03.16.19:481][  0]BlueprintLog: New page: Editor Load
[2016.11.09-03.16.19:713][  0]LocalizationService: Info Localization service is disabled
[2016.11.09-03.16.19:919][  0]LogConsoleResponse:Display: 
[2016.11.09-03.16.20:322][  0]LogCook:Display: Max memory allowance for cook 16384mb min free memory 0mb
[2016.11.09-03.16.20:322][  0]LogCook:Display: Mobile HDR setting 1
[2016.11.09-03.16.20:699][  0]LogFileCache: Scanning file cache for directory 'C:/Users/Clarkn3/Desktop/projects/gameDev/dinosaurGame/UE Game/MyProjectTut 4.13/Content/' took 0.02s
[2016.11.09-03.16.20:699][  0]SourceControl: Info Source control is disabled
[2016.11.09-03.16.20:700][  0]Cmd: MAP LOAD FILE="C:/Users/Clarkn3/Desktop/projects/gameDev/dinosaurGame/UE Game/MyProjectTut 4.13/Content/ThirdPersonBP/Maps/ThirdPersonExampleMap.umap" TEMPLATE=0 SHOWPROGRESS=1 FEATURELEVEL=3
[2016.11.09-03.16.20:711][  0]LightingResults: New page: Lighting Build
[2016.11.09-03.16.20:717][  0]MapCheck: New page: Map Check
[2016.11.09-03.16.20:717][  0]LightingResults: New page: Lighting Build
[2016.11.09-03.16.22:919][  0]LogMaterial: Missing cached shader map for material M_Tech_Hex_Tile, compiling. 
[2016.11.09-03.16.23:403][  0]LogMaterial: Missing cached shader map for material CubeMaterial, compiling. 
[2016.11.09-03.16.24:746][  0]LogAIModule: Creating AISystem for world ThirdPersonExampleMap
[2016.11.09-03.16.24:777][  0]LogEditorServer: Finished looking for orphan Actors (0.000 secs)
[2016.11.09-03.16.28:579][  0]Cmd: MAP CHECKDEP NOCLEARLOG
[2016.11.09-03.16.28:675][  0]MapCheck: Info Map check complete: 0 Error(s), 0 Warning(s), took 95.354ms to complete.
[2016.11.09-03.16.28:675][  0]LogFileHelpers: Loading map 'ThirdPersonExampleMap' took 7.975
[2016.11.09-03.16.28:880][  0]LogCollectionManager: Loaded 0 collections in 0.002259 seconds
[2016.11.09-03.16.28:926][  0]LogFileCache: Scanning file cache for directory 'C:/Users/Clarkn3/Desktop/projects/gameDev/dinosaurGame/UE Game/MyProjectTut 4.13/Saved/Collections/' took 0.01s
[2016.11.09-03.16.28:927][  0]LogFileCache: Scanning file cache for directory 'C:/Users/Clarkn3/Desktop/projects/gameDev/dinosaurGame/UE Game/MyProjectTut 4.13/Content/Developers/Clarkn3/Collections/' took 0.01s
[2016.11.09-03.16.28:927][  0]LogFileCache: Scanning file cache for directory 'C:/Users/Clarkn3/Desktop/projects/gameDev/dinosaurGame/UE Game/MyProjectTut 4.13/Content/Collections/' took 0.01s
[2016.11.09-03.16.28:927][  0]LogCollectionManager: Rebuilt the GUID cache for 0 collections in 0.000005 seconds
[2016.11.09-03.16.28:954][  0]LogContentBrowser: Native class hierarchy populated in 0.0267 seconds. Added 2141 classes and 415 folders.
[2016.11.09-03.16.28:961][  0]LogStats: UGameplayTagsManager::ConstructGameplayTagTree: Construct from data asset -  0.000 s
[2016.11.09-03.16.28:961][  0]LogStats: UGameplayTagsManager::ConstructGameplayTagTree: GameplayTagTreeChangedEvent.Broadcast -  0.000 s
[2016.11.09-03.16.28:963][  0]LogContentBrowser: Native class hierarchy updated for 'GameplayTags' in 0.0015 seconds. Added 12 classes and 0 folders.
[2016.11.09-03.16.28:979][  0]LogContentBrowser: Native class hierarchy updated for 'WidgetCarousel' in 0.0011 seconds. Added 0 classes and 0 folders.
[2016.11.09-03.16.29:069][  0]LogContentBrowser: Native class hierarchy updated for 'AddContentDialog' in 0.0011 seconds. Added 0 classes and 0 folders.
[2016.11.09-03.16.29:077][  0]LogContentBrowser: Native class hierarchy updated for 'SceneOutliner' in 0.0011 seconds. Added 1 classes and 2 folders.
[2016.11.09-03.16.29:115][  0]LogCrashTracker: Crashtracker disabled due to settings.
[2016.11.09-03.16.29:147][  0]LogWindowsTextInputMethodSystem:Display: IME system now deactivated.
[2016.11.09-03.16.29:148][  0]LogWindowsTextInputMethodSystem:Display: IME system now deactivated.
[2016.11.09-03.16.29:217][  0]LogContentBrowser: Native class hierarchy updated for 'HierarchicalLODOutliner' in 0.0011 seconds. Added 1 classes and 2 folders.
[2016.11.09-03.16.29:218][  0]LogLoad: (Engine Initialization) Total time: 27.50 seconds
[2016.11.09-03.16.29:218][  0]LogLoad: (Engine Initialization) Total Blueprint compile time: 0.62 seconds
[2016.11.09-03.16.29:218][  0]LogExternalProfiler: Found external profiler: VSPerf
[2016.11.09-03.16.29:218][  0]LogExternalProfiler: Using external profiler: VSPerf
[2016.11.09-03.16.29:229][  0]LogOcInput: OculusInput pre-init called
[2016.11.09-03.16.29:263][  0]LogContentStreaming: Texture pool size now 1000 MB
[2016.11.09-03.16.29:727][  0]LogRenderer: Reallocating scene render targets to support 1004x456 (Frame:2).
[2016.11.09-03.16.32:650][  1]LogHttp:Warning: 0000000CEB7DFB80: request failed, libcurl error: 6 (Couldn't resolve host name)
[2016.11.09-03.16.32:650][  1]LogHttp:Warning: 0000000CEB7DFB80: libcurl info message cache 8 (Could not resolve host: cdn.unrealengine.com)
[2016.11.09-03.16.32:650][  1]LogHttp:Warning: 0000000CEB7DFB80: libcurl info message cache 9 (Closing connection 0)
[2016.11.09-03.16.33:260][  2]LogHttp:Warning: 0000000CECE18E80: request failed, libcurl error: 6 (Couldn't resolve host name)
[2016.11.09-03.16.33:260][  2]LogHttp:Warning: 0000000CECE18E80: libcurl info message cache 8 (Could not resolve host: cdn.unrealengine.com)
[2016.11.09-03.16.33:260][  2]LogHttp:Warning: 0000000CECE18E80: libcurl info message cache 9 (Closing connection 1)
[2016.11.09-03.16.33:389][  3]LogHttp:Warning: 0000000CECC9A980: request failed, libcurl error: 6 (Couldn't resolve host name)
[2016.11.09-03.16.33:389][  3]LogHttp:Warning: 0000000CECC9A980: libcurl info message cache 8 (Could not resolve host: cdn.unrealengine.com)
[2016.11.09-03.16.33:389][  3]LogHttp:Warning: 0000000CECC9A980: libcurl info message cache 9 (Closing connection 2)
[2016.11.09-03.16.34:122][  9]LogAssetRegistry: Asset discovery search completed in 21.2004 seconds
[2016.11.09-03.16.34:123][  9]LogCollectionManager: Rebuilt the object cache for 0 collections in 0.000003 seconds (found 0 objects)
[2016.11.09-03.16.34:123][  9]LogCollectionManager: Fixed up redirectors for 0 collections in 0.000116 seconds (updated 0 objects)
[2016.11.09-03.18.06:060][273]LogContentBrowser: Native class hierarchy updated for 'BlueprintGraph' in 0.0049 seconds. Added 112 classes and 0 folders.
[2016.11.09-03.18.11:022][273]LogTexture:Display: Building textures: TilePatine_N (BC5)
[2016.11.09-03.18.11:332][273]LogTexture:Display: Building textures: TilePatine_D (AutoDXT)
[2016.11.09-03.18.18:004][301]LogRenderer: Reallocating scene render targets to support 1004x720 (Frame:691).
[2016.11.09-03.19.26:980][664]LogSynthBenchmark:Display: FSynthBenchmark (V0.95):  requested WorkScale=1.00
[2016.11.09-03.19.26:980][664]LogSynthBenchmark:Display: ===============
[2016.11.09-03.19.26:980][664]LogSynthBenchmark:Display: Main Processor:
[2016.11.09-03.19.27:889][664]LogSynthBenchmark:Display:          ... 0.271815 s/Run 'RayIntersect'
[2016.11.09-03.19.27:889][664]LogSynthBenchmark:Display:          ... 0.636803 s/Run 'Fractal'
[2016.11.09-03.19.27:889][664]LogSynthBenchmark:Display: 
[2016.11.09-03.19.27:889][664]LogSynthBenchmark:Display:   CompiledTarget_x_Bits: 64
[2016.11.09-03.19.27:890][664]LogSynthBenchmark:Display:   UE_BUILD_SHIPPING: 0
[2016.11.09-03.19.27:890][664]LogSynthBenchmark:Display:   UE_BUILD_TEST: 0
[2016.11.09-03.19.27:890][664]LogSynthBenchmark:Display:   UE_BUILD_DEBUG: 0
[2016.11.09-03.19.27:890][664]LogSynthBenchmark:Display:   TotalPhysicalGBRam: 8
[2016.11.09-03.19.27:890][664]LogSynthBenchmark:Display:   NumberOfCores (physical): 2
[2016.11.09-03.19.27:890][664]LogSynthBenchmark:Display:   NumberOfCores (logical): 4
[2016.11.09-03.19.27:890][664]LogSynthBenchmark:Display:   CPU Perf Index 0: 9.4 (weight 1.00)
[2016.11.09-03.19.27:890][664]LogSynthBenchmark:Display:   CPU Perf Index 1: 4.5 (weight 1.50)
[2016.11.09-03.19.27:893][664]LogSynthBenchmark:Display:  
[2016.11.09-03.19.27:893][664]LogSynthBenchmark:Display: Graphics:
[2016.11.09-03.19.27:893][664]LogSynthBenchmark:Display:   Adapter Name: 'Intel(R) HD Graphics Family'
[2016.11.09-03.19.27:893][664]LogSynthBenchmark:Display:   (On Optimus the name might be wrong, memory should be ok)
[2016.11.09-03.19.27:893][664]LogSynthBenchmark:Display:   Vendor Id: 0x8086
[2016.11.09-03.19.27:893][664]LogSynthBenchmark:Display:   Device Id: 0xa16
[2016.11.09-03.19.27:893][664]LogSynthBenchmark:Display:   GPU Memory: 0/0/1792 MB
[2016.11.09-03.19.28:148][664]LogSynthBenchmark:Display:   GPU first test: 0.06s
[2016.11.09-03.19.28:148][664]LogSynthBenchmark:Display:          ... 0.319 GigaPix/s, Confidence=89% 'ALUHeavyNoise' (likely to be very inaccurate)
[2016.11.09-03.19.28:148][664]LogSynthBenchmark:Display:          ... 0.229 GigaPix/s, Confidence=100% 'TexHeavy' (likely to be very inaccurate)
[2016.11.09-03.19.28:148][664]LogSynthBenchmark:Display:          ... 0.218 GigaPix/s, Confidence=100% 'DepTexHeavy' (likely to be very inaccurate)
[2016.11.09-03.19.28:148][664]LogSynthBenchmark:Display:          ... 0.885 GigaPix/s, Confidence=100% 'FillOnly' (likely to be very inaccurate)
[2016.11.09-03.19.28:148][664]LogSynthBenchmark:Display:          ... 0.061 GigaPix/s, Confidence=89% 'Bandwidth' (likely to be very inaccurate)
[2016.11.09-03.19.28:536][664]LogSynthBenchmark:Display:   GPU second test: 0.34s
[2016.11.09-03.19.28:536][664]LogSynthBenchmark:Display:          ... 0.427 GigaPix/s, Confidence=89% 'ALUHeavyNoise' (likely to be inaccurate)
[2016.11.09-03.19.28:536][664]LogSynthBenchmark:Display:          ... 0.280 GigaPix/s, Confidence=100% 'TexHeavy' (likely to be inaccurate)
[2016.11.09-03.19.28:536][664]LogSynthBenchmark:Display:          ... 0.267 GigaPix/s, Confidence=89% 'DepTexHeavy' (likely to be inaccurate)
[2016.11.09-03.19.28:536][664]LogSynthBenchmark:Display:          ... 1.980 GigaPix/s, Confidence=89% 'FillOnly' (likely to be inaccurate)
[2016.11.09-03.19.28:536][664]LogSynthBenchmark:Display:          ... 0.063 GigaPix/s, Confidence=89% 'Bandwidth' (likely to be inaccurate)
[2016.11.09-03.19.28:536][664]LogSynthBenchmark:Display:          ... 0.427 GigaPix/s, Confidence=89% 'ALUHeavyNoise'
[2016.11.09-03.19.28:536][664]LogSynthBenchmark:Display:          ... 0.280 GigaPix/s, Confidence=100% 'TexHeavy'
[2016.11.09-03.19.28:537][664]LogSynthBenchmark:Display:          ... 0.267 GigaPix/s, Confidence=89% 'DepTexHeavy'
[2016.11.09-03.19.28:537][664]LogSynthBenchmark:Display:          ... 1.980 GigaPix/s, Confidence=89% 'FillOnly'
[2016.11.09-03.19.28:537][664]LogSynthBenchmark:Display:          ... 0.063 GigaPix/s, Confidence=89% 'Bandwidth'
[2016.11.09-03.19.28:537][664]LogSynthBenchmark:Display: 
[2016.11.09-03.19.28:537][664]LogSynthBenchmark:Display:   GPU Perf Index 0: 9.3 (weight 1.00)
[2016.11.09-03.19.28:537][664]LogSynthBenchmark:Display:   GPU Perf Index 1: 3.8 (weight 0.10)
[2016.11.09-03.19.28:537][664]LogSynthBenchmark:Display:   GPU Perf Index 2: 6.9 (weight 0.10)
[2016.11.09-03.19.28:537][664]LogSynthBenchmark:Display:   GPU Perf Index 3: 7.8 (weight 3.00)
[2016.11.09-03.19.28:537][664]LogSynthBenchmark:Display:   GPU Perf Index 4: 5.9 (weight 1.00)
[2016.11.09-03.19.28:538][664]LogSynthBenchmark:Display:   CPUIndex: 6.5
[2016.11.09-03.19.28:538][664]LogSynthBenchmark:Display:   GPUIndex: 7.6
[2016.11.09-03.19.28:538][664]LogSynthBenchmark:Display: 
[2016.11.09-03.19.28:538][664]LogSynthBenchmark:Display:          ... Total Time: 1.557623 sec
[2016.11.09-03.19.31:769][667]LogRenderer: Reallocating scene render targets to support 1004x720 (Frame:916).
[2016.11.09-03.19.32:088][667]LogContentStreaming: Texture pool size now 400 MB
[2016.11.09-03.21.09:590][ 80]Cmd: OBJ SAVEPACKAGE PACKAGE="/Game/Scripts/baseItem" FILE="C:/Users/Clarkn3/Desktop/projects/gameDev/dinosaurGame/UE Game/MyProjectTut 4.13/Content/Scripts/baseItem.uasset" SILENT=true
[2016.11.09-03.21.09:664][ 80]LogSavePackage: Save=67.01ms
[2016.11.09-03.21.09:665][ 80]LogSavePackage: Moving 'C:/Users/Clarkn3/Desktop/projects/gameDev/dinosaurGame/UE Game/MyProjectTut 4.13/Saved/baseItem7F334BEB45CBF20276284DBF9DD88550.tmp' to 'C:/Users/Clarkn3/Desktop/projects/gameDev/dinosaurGame/UE Game/MyProjectTut 4.13/Content/Scripts/baseItem.uasset'
[2016.11.09-03.21.09:681][ 80]LogSavePackage:Display: Finished SavePackage C:/Users/Clarkn3/Desktop/projects/gameDev/dinosaurGame/UE Game/MyProjectTut 4.13/Content/Scripts/baseItem.uasset
[2016.11.09-03.21.09:694][ 80]Cmd: OBJ SAVEPACKAGE PACKAGE="/Game/Scripts/Inventory" FILE="C:/Users/Clarkn3/Desktop/projects/gameDev/dinosaurGame/UE Game/MyProjectTut 4.13/Content/Scripts/Inventory.uasset" SILENT=true
[2016.11.09-03.21.09:740][ 80]LogSavePackage: Save=39.50ms
[2016.11.09-03.21.09:740][ 80]LogSavePackage: Moving 'C:/Users/Clarkn3/Desktop/projects/gameDev/dinosaurGame/UE Game/MyProjectTut 4.13/Saved/InventoryE767640744F449A9DB82D287E5815DB5.tmp' to 'C:/Users/Clarkn3/Desktop/projects/gameDev/dinosaurGame/UE Game/MyProjectTut 4.13/Content/Scripts/Inventory.uasset'
[2016.11.09-03.21.09:748][ 80]LogSavePackage:Display: Finished SavePackage C:/Users/Clarkn3/Desktop/projects/gameDev/dinosaurGame/UE Game/MyProjectTut 4.13/Content/Scripts/Inventory.uasset
[2016.11.09-03.21.09:757][ 80]Cmd: OBJ SAVEPACKAGE PACKAGE="/Game/Scripts/inventorySlot" FILE="C:/Users/Clarkn3/Desktop/projects/gameDev/dinosaurGame/UE Game/MyProjectTut 4.13/Content/Scripts/inventorySlot.uasset" SILENT=true
[2016.11.09-03.21.09:793][ 80]LogSavePackage: Save=30.00ms
[2016.11.09-03.21.09:793][ 80]LogSavePackage: Moving 'C:/Users/Clarkn3/Desktop/projects/gameDev/dinosaurGame/UE Game/MyProjectTut 4.13/Saved/inventorySlot7DFD57D341467F8C196502A49CC7AF02.tmp' to 'C:/Users/Clarkn3/Desktop/projects/gameDev/dinosaurGame/UE Game/MyProjectTut 4.13/Content/Scripts/inventorySlot.uasset'
[2016.11.09-03.21.09:801][ 80]LogSavePackage:Display: Finished SavePackage C:/Users/Clarkn3/Desktop/projects/gameDev/dinosaurGame/UE Game/MyProjectTut 4.13/Content/Scripts/inventorySlot.uasset
[2016.11.09-03.21.59:758][237]Cmd: OBJ SAVEPACKAGE PACKAGE="/Game/Scripts/inventorySlot" FILE="C:/Users/Clarkn3/Desktop/projects/gameDev/dinosaurGame/UE Game/MyProjectTut 4.13/Content/Scripts/inventorySlot.uasset" SILENT=true
[2016.11.09-03.21.59:790][237]LogSavePackage: Save=16.44ms
[2016.11.09-03.21.59:790][237]LogSavePackage: Moving 'C:/Users/Clarkn3/Desktop/projects/gameDev/dinosaurGame/UE Game/MyProjectTut 4.13/Saved/inventorySlotDFA870F74DDC60DD1808528B733EE9DC.tmp' to 'C:/Users/Clarkn3/Desktop/projects/gameDev/dinosaurGame/UE Game/MyProjectTut 4.13/Content/Scripts/inventorySlot.uasset'
[2016.11.09-03.21.59:799][237]LogSavePackage:Display: Finished SavePackage C:/Users/Clarkn3/Desktop/projects/gameDev/dinosaurGame/UE Game/MyProjectTut 4.13/Content/Scripts/inventorySlot.uasset
[2016.11.09-03.23.09:871][353]LogClass:Warning: Type mismatch in itemList of SKEL_Inventory_C - Previous (StructProperty) Current(ArrayProperty) for package:  FObjectReader
[2016.11.09-03.23.33:755][841]Cmd: OBJ SAVEPACKAGE PACKAGE="/Game/Scripts/baseItem" FILE="C:/Users/Clarkn3/Desktop/projects/gameDev/dinosaurGame/UE Game/MyProjectTut 4.13/Content/Scripts/baseItem.uasset" SILENT=true
[2016.11.09-03.23.33:835][841]LogSavePackage: Save=52.46ms
[2016.11.09-03.23.33:835][841]LogSavePackage: Moving 'C:/Users/Clarkn3/Desktop/projects/gameDev/dinosaurGame/UE Game/MyProjectTut 4.13/Saved/baseItem82F01A1E4D341F56C2DBD6A3D7999149.tmp' to 'C:/Users/Clarkn3/Desktop/projects/gameDev/dinosaurGame/UE Game/MyProjectTut 4.13/Content/Scripts/baseItem.uasset'
[2016.11.09-03.23.33:854][841]LogSavePackage:Display: Finished SavePackage C:/Users/Clarkn3/Desktop/projects/gameDev/dinosaurGame/UE Game/MyProjectTut 4.13/Content/Scripts/baseItem.uasset
[2016.11.09-03.23.33:872][841]Cmd: OBJ SAVEPACKAGE PACKAGE="/Game/Scripts/Inventory" FILE="C:/Users/Clarkn3/Desktop/projects/gameDev/dinosaurGame/UE Game/MyProjectTut 4.13/Content/Scripts/Inventory.uasset" SILENT=true
[2016.11.09-03.23.33:949][841]LogSavePackage: Save=51.09ms
[2016.11.09-03.23.33:950][841]LogSavePackage: Moving 'C:/Users/Clarkn3/Desktop/projects/gameDev/dinosaurGame/UE Game/MyProjectTut 4.13/Saved/InventoryC2BB90D24FE9520D5415C29430CC85E1.tmp' to 'C:/Users/Clarkn3/Desktop/projects/gameDev/dinosaurGame/UE Game/MyProjectTut 4.13/Content/Scripts/Inventory.uasset'
[2016.11.09-03.23.33:958][841]LogSavePackage:Display: Finished SavePackage C:/Users/Clarkn3/Desktop/projects/gameDev/dinosaurGame/UE Game/MyProjectTut 4.13/Content/Scripts/Inventory.uasset
[2016.11.09-03.23.50:403][ 84]BlueprintLog: New page: Compile Inventory
[2016.11.09-03.23.53:899][143]BlueprintLog: New page: Compile baseItem
[2016.11.09-03.24.56:319][917]BlueprintLog: New page: Compile baseItem
[2016.11.09-03.24.58:337][950]Cmd: OBJ SAVEPACKAGE PACKAGE="/Game/Scripts/baseItem" FILE="C:/Users/Clarkn3/Desktop/projects/gameDev/dinosaurGame/UE Game/MyProjectTut 4.13/Content/Scripts/baseItem.uasset" SILENT=true
[2016.11.09-03.24.58:401][950]LogSavePackage: Save=51.58ms
[2016.11.09-03.24.58:401][950]LogSavePackage: Moving 'C:/Users/Clarkn3/Desktop/projects/gameDev/dinosaurGame/UE Game/MyProjectTut 4.13/Saved/baseItem106609B94A016FE1ACD2EE9E186AB620.tmp' to 'C:/Users/Clarkn3/Desktop/projects/gameDev/dinosaurGame/UE Game/MyProjectTut 4.13/Content/Scripts/baseItem.uasset'
[2016.11.09-03.24.58:411][950]LogSavePackage:Display: Finished SavePackage C:/Users/Clarkn3/Desktop/projects/gameDev/dinosaurGame/UE Game/MyProjectTut 4.13/Content/Scripts/baseItem.uasset
[2016.11.09-03.26.20:446][370]LogTexture:Display: Building textures: T_Chair_N (BC5)
[2016.11.09-03.26.23:530][370]LogTexture:Display: Building textures: T_Chair_M (AutoDXT)
[2016.11.09-03.26.28:957][370]LogTexture:Display: Building textures: T_TableRound_N (BC5)
[2016.11.09-03.26.30:654][370]LogTexture:Display: Building textures: T_TableRound_M (DXT1)
[2016.11.09-03.26.34:184][370]LogTexture:Display: Building textures: T_Bush_D (AutoDXT)
[2016.11.09-03.26.35:611][370]LogTexture:Display: Building textures: T_Bush_N (BC5)
[2016.11.09-03.26.36:112][370]LogTexture:Display: Building textures: T_Water_N (BC5)
[2016.11.09-03.26.38:747][370]LogTexture:Display: Building textures: T_Fire_Tiled_D (AutoDXT)
[2016.11.09-03.26.40:528][370]LogTexture:Display: Building textures: T_Fire_SubUV (AutoDXT)
[2016.11.09-03.26.41:930][370]LogTexture:Display: Building textures: T_Lamp_N (BC5)
[2016.11.09-03.26.43:380][370]LogTexture:Display: Building textures: T_Lamp_M (AutoDXT)
[2016.11.09-03.26.51:630][370]LogTexture:Display: Building textures: T_Water_M (AutoDXT)
[2016.11.09-03.26.59:523][370]LogTexture:Display: Building textures: T_Perlin_Noise_M (AutoDXT)
[2016.11.09-03.27.32:805][370]LogTexture:Display: Building textures: T_Burst_M (AutoDXT)
[2016.11.09-03.27.34:274][370]LogTexture:Display: Building textures: T_Explosion_SubUV (AutoDXT)
[2016.11.09-03.27.45:215][370]LogTexture:Display: Building textures: T_Smoke_SubUV (AutoDXT)
[2016.11.09-03.28.04:095][370]LogTexture:Display: Building textures: T_Smoke_Tiled_D (AutoDXT)
[2016.11.09-03.28.04:282][370]LogTexture:Display: Building textures: ThumbnailTexture (DXT1)
[2016.11.09-03.28.04:740][370]LogTexture:Display: Building textures: ThumbnailTexture (DXT1)
[2016.11.09-03.28.05:355][370]LogTexture:Display: Building textures: T_Wood_Floor_Walnut_D (AutoDXT)
[2016.11.09-03.28.32:127][370]LogTexture:Display: Building textures: T_Wood_Floor_Walnut_N (BC5)
[2016.11.09-03.28.35:405][370]LogTexture:Display: Building textures: T_Wood_Floor_Walnut_M (AutoDXT)
[2016.11.09-03.29.01:838][370]LogTexture:Display: Building textures: T_Dust_Particle_D (AutoDXT)
[2016.11.09-03.29.02:419][370]LogTexture:Display: Building textures: T_Metal_Steel_D (AutoDXT)
[2016.11.09-03.29.16:441][370]LogTexture:Display: Building textures: T_Tech_Panel_N (BC5)
[2016.11.09-03.29.18:648][370]LogTexture:Display: Building textures: T_Tech_Panel_M (AutoDXT)
[2016.11.09-03.29.24:994][370]LogTexture:Display: Building textures: HQ_Lightmap1_1 (AutoDXT)
[2016.11.09-03.29.37:247][370]LogTexture:Display: Building textures: HQ_Lightmap1_2 (AutoDXT)
[2016.11.09-03.29.38:966][370]LogTexture:Display: Building textures: HQ_Lightmap1_3 (AutoDXT)
[2016.11.09-03.29.40:972][370]LogTexture:Display: Building textures: HQ_Lightmap1_4 (AutoDXT)
[2016.11.09-03.29.42:640][370]LogTexture:Display: Building textures: HQ_Lightmap1_5 (AutoDXT)
[2016.11.09-03.29.49:828][370]LogTexture:Display: Building textures: HQ_Lightmap1_6 (AutoDXT)
[2016.11.09-03.29.51:567][370]LogTexture:Display: Building textures: HQ_Lightmap1_7 (AutoDXT)
[2016.11.09-03.29.59:899][370]LogTexture:Display: Building textures: HQ_Lightmap1_8 (AutoDXT)
[2016.11.09-03.30.02:078][370]LogTexture:Display: Building textures: HQ_Lightmap1_9 (AutoDXT)
[2016.11.09-03.30.02:268][370]LogTexture:Display: Building textures: LQ_Lightmap_0_7 (DXT1)
[2016.11.09-03.30.03:856][370]LogTexture:Display: Building textures: LQ_Lightmap_1_1 (DXT1)
[2016.11.09-03.30.07:998][370]LogTexture:Display: Building textures: LQ_Lightmap_1_2 (DXT1)
[2016.11.09-03.30.08:801][370]LogTexture:Display: Building textures: LQ_Lightmap_1_3 (DXT1)
[2016.11.09-03.30.09:596][370]LogTexture:Display: Building textures: LQ_Lightmap_1_4 (DXT1)
[2016.11.09-03.30.10:358][370]LogTexture:Display: Building textures: LQ_Lightmap_1_5 (DXT1)
[2016.11.09-03.30.11:546][370]LogTexture:Display: Building textures: LQ_Lightmap_1_6 (DXT1)
[2016.11.09-03.30.12:236][370]LogTexture:Display: Building textures: LQ_Lightmap_1_8 (DXT1)
[2016.11.09-03.30.12:890][370]LogTexture:Display: Building textures: LQ_Lightmap_1_9 (DXT1)
[2016.11.09-03.30.13:026][370]LogTexture:Display: Building textures: ShadowMapTexture2D_12 (BGRA8)
[2016.11.09-03.30.13:779][370]LogTexture:Display: Building textures: ShadowMapTexture2D_13 (BGRA8)
[2016.11.09-03.30.14:306][370]LogTexture:Display: Building textures: ShadowMapTexture2D_14 (BGRA8)
[2016.11.09-03.30.14:799][370]LogTexture:Display: Building textures: ShadowMapTexture2D_15 (BGRA8)
[2016.11.09-03.30.15:177][370]LogTexture:Display: Building textures: ShadowMapTexture2D_16 (BGRA8)
[2016.11.09-03.30.15:639][370]LogTexture:Display: Building textures: ShadowMapTexture2D_6 (BGRA8)
[2016.11.09-03.30.17:617][370]LogAIModule: Creating AISystem for world ThirdPersonExampleMap
[2016.11.09-03.30.17:719][370]LogMaterial:Warning: Material /Game/StarterContent/Props/Materials/M_MaterialSphere_Plain.M_MaterialSphere_Plain needed to have new flag set bUsedWithStaticLighting !
[2016.11.09-03.30.17:740][370]LogMaterial: Missing cached shader map for material M_MaterialSphere_Plain, compiling. 
[2016.11.09-03.30.17:840][370]MapCheck:Warning: Warning M_MaterialSphere_Plain Material /Game/StarterContent/Props/Materials/M_MaterialSphere_Plain.M_MaterialSphere_Plain was missing the usage flag bUsedWithStaticLighting. If the material asset is not re-saved, it may not render correctly when run outside the editor. Fix
[2016.11.09-03.30.17:998][370]LogMaterial: 0.00 seconds spent updating 1 materials, 1 interfaces, 0 instances, 0 with static permutations.
[2016.11.09-03.30.17:998][370]LogMaterial:Warning: Material /Game/StarterContent/Props/Materials/M_MaterialSphere.M_MaterialSphere needed to have new flag set bUsedWithStaticLighting !
[2016.11.09-03.30.18:009][370]LogMaterial: Missing cached shader map for material M_MaterialSphere, compiling. 
[2016.11.09-03.30.18:145][370]MapCheck:Warning: Warning M_MaterialSphere Material /Game/StarterContent/Props/Materials/M_MaterialSphere.M_MaterialSphere was missing the usage flag bUsedWithStaticLighting. If the material asset is not re-saved, it may not render correctly when run outside the editor. Fix
[2016.11.09-03.30.18:149][370]LogMaterial: 0.00 seconds spent updating 1 materials, 1 interfaces, 0 instances, 0 with static permutations.
[2016.11.09-03.30.18:174][370]LogMaterial:Warning: Material /Game/StarterContent/Materials/M_Tech_Panel.M_Tech_Panel needed to have new flag set bUsedWithSkeletalMesh !
[2016.11.09-03.30.18:202][370]LogMaterial: Missing cached shader map for material M_Tech_Panel, compiling. 
[2016.11.09-03.30.18:442][370]MapCheck:Warning: Warning M_Tech_Panel Material /Game/StarterContent/Ma